[debug] [2021-10-31T19:59:02.434Z] ----------------------------------------------------------------------
[debug] [2021-10-31T19:59:02.436Z] Command:       C:\Program Files\nodejs\node.exe C:\Users\PC\AppData\Roaming\npm\node_modules\firebase-tools\lib\bin\firebase.js init
[debug] [2021-10-31T19:59:02.436Z] CLI Version:   9.21.0
[debug] [2021-10-31T19:59:02.436Z] Platform:      win32
[debug] [2021-10-31T19:59:02.436Z] Node Version:  v14.18.1
[debug] [2021-10-31T19:59:02.437Z] Time:          Sun Oct 31 2021 22:59:02 GMT+0300 (Arabian Standard Time)
[debug] [2021-10-31T19:59:02.437Z] ----------------------------------------------------------------------
[debug] 
[debug] [2021-10-31T19:59:02.488Z] > command requires scopes: ["email","openid","https://www.googleapis.com/auth/cloudplatformprojects.readonly","https://www.googleapis.com/auth/firebase","https://www.googleapis.com/auth/cloud-platform"]
[debug] [2021-10-31T19:59:02.488Z] > authorizing via signed-in user (tqmark15@gmail.com)
[info] 
     ######## #### ########  ######## ########     ###     ######  ########
     ##        ##  ##     ## ##       ##     ##  ##   ##  ##       ##
     ######    ##  ########  ######   ########  #########  ######  ######
     ##        ##  ##    ##  ##       ##     ## ##     ##       ## ##
     ##       #### ##     ## ######## ########  ##     ##  ######  ########

You're about to initialize a Firebase project in this directory:

  C:\Users\PC\Desktop\firebase-chat-app-main

Before we get started, keep in mind:

  * You are initializing within an existing Firebase project directory

